@!@!@STARTMSG 2262:0 @!@!@
TLC2 Version 2.18 of Day Month 20?? (rev: d8084a3)
@!@!@ENDMSG 2262 @!@!@
@!@!@STARTMSG 2187:0 @!@!@
Running breadth-first search Model-Checking with fp 69 and seed 6749341980716320323 with 4 workers on 8 cores with 1214MB heap and 2730MB offheap memory [pid: 12007] (Mac OS X 10.16 x86_64, AdoptOpenJDK 14.0.1 x86_64, OffHeapDiskFPSet, DiskStateQueue).
@!@!@ENDMSG 2187 @!@!@
@!@!@STARTMSG 2220:0 @!@!@
Starting SANY...
@!@!@ENDMSG 2220 @!@!@
Parsing file /Users/francescofoschini/Desktop/assignment1-pcd/TLA+/assignment1_PCD.toolbox/Model_1/MC.tla
Parsing file /Users/francescofoschini/Desktop/assignment1-pcd/TLA+/assignment1_PCD.toolbox/Model_1/assignment1_PCD.tla
Parsing file /Users/francescofoschini/Desktop/TLA+ Toolbox.app/Contents/Eclipse/plugins/org.lamport.tlatools_1.0.0.202203240428/tla2sany/StandardModules/TLC.tla
Parsing file /Users/francescofoschini/Desktop/TLA+ Toolbox.app/Contents/Eclipse/plugins/org.lamport.tlatools_1.0.0.202203240428/tla2sany/StandardModules/Integers.tla
Parsing file /Users/francescofoschini/Desktop/TLA+ Toolbox.app/Contents/Eclipse/plugins/org.lamport.tlatools_1.0.0.202203240428/tla2sany/StandardModules/Sequences.tla
Parsing file /Users/francescofoschini/Desktop/TLA+ Toolbox.app/Contents/Eclipse/plugins/org.lamport.tlatools_1.0.0.202203240428/tla2sany/StandardModules/Naturals.tla
Parsing file /Users/francescofoschini/Desktop/TLA+ Toolbox.app/Contents/Eclipse/plugins/org.lamport.tlatools_1.0.0.202203240428/tla2sany/StandardModules/FiniteSets.tla
Semantic processing of module Naturals
Semantic processing of module Sequences
Semantic processing of module FiniteSets
Semantic processing of module TLC
Semantic processing of module Integers
Semantic processing of module assignment1_PCD
Semantic processing of module MC
@!@!@STARTMSG 2219:0 @!@!@
SANY finished.
@!@!@ENDMSG 2219 @!@!@
@!@!@STARTMSG 2185:0 @!@!@
Starting... (2022-04-09 18:42:36)
@!@!@ENDMSG 2185 @!@!@
@!@!@STARTMSG 2189:0 @!@!@
Computing initial states...
@!@!@ENDMSG 2189 @!@!@
@!@!@STARTMSG 2190:0 @!@!@
Finished computing initial states: 1 distinct state generated at 2022-04-09 18:42:37.
@!@!@ENDMSG 2190 @!@!@
@!@!@STARTMSG 2193:0 @!@!@
Model checking completed. No error has been found.
  Estimates of the probability that TLC did not check all reachable states
  because two distinct states had the same fingerprint:
  calculated (optimistic):  val = 9.8E-16
@!@!@ENDMSG 2193 @!@!@
@!@!@STARTMSG 2201:0 @!@!@
The coverage statistics at 2022-04-09 18:42:37
@!@!@ENDMSG 2201 @!@!@
@!@!@STARTMSG 2773:0 @!@!@
<Init line 125, col 1 to line 125, col 4 of module assignment1_PCD>: 1:1
@!@!@ENDMSG 2773 @!@!@
@!@!@STARTMSG 2775:0 @!@!@
  line 127, col 30 to line 127, col 74 of module assignment1_PCD: 1:2
@!@!@ENDMSG 2775 @!@!@
@!@!@STARTMSG 2221:0 @!@!@
  |line 127, col 47 to line 127, col 66 of module assignment1_PCD: 1
@!@!@ENDMSG 2221 @!@!@
@!@!@STARTMSG 2775:0 @!@!@
  line 128, col 25 to line 128, col 66 of module assignment1_PCD: 1:2
@!@!@ENDMSG 2775 @!@!@
@!@!@STARTMSG 2221:0 @!@!@
  |line 128, col 39 to line 128, col 58 of module assignment1_PCD: 1
@!@!@ENDMSG 2221 @!@!@
@!@!@STARTMSG 2775:0 @!@!@
  line 129, col 24 to line 129, col 65 of module assignment1_PCD: 1:2
@!@!@ENDMSG 2775 @!@!@
@!@!@STARTMSG 2221:0 @!@!@
  |line 129, col 38 to line 129, col 57 of module assignment1_PCD: 1
@!@!@ENDMSG 2221 @!@!@
@!@!@STARTMSG 2221:0 @!@!@
  line 132, col 12 to line 132, col 36 of module assignment1_PCD: 1
@!@!@ENDMSG 2221 @!@!@
@!@!@STARTMSG 2221:0 @!@!@
  line 133, col 12 to line 134, col 98 of module assignment1_PCD: 1
@!@!@ENDMSG 2221 @!@!@
@!@!@STARTMSG 2775:0 @!@!@
  |line 133, col 17 to line 134, col 98 of module assignment1_PCD: 1:3
@!@!@ENDMSG 2775 @!@!@
@!@!@STARTMSG 2221:0 @!@!@
  ||line 133, col 27 to line 133, col 33 of module assignment1_PCD: 1
@!@!@ENDMSG 2221 @!@!@
@!@!@STARTMSG 2772:0 @!@!@
<evaluateWhile line 136, col 1 to line 136, col 13 of module assignment1_PCD>: 8:22
@!@!@ENDMSG 2772 @!@!@
@!@!@STARTMSG 2221:0 @!@!@
  line 136, col 21 to line 136, col 43 of module assignment1_PCD: 170
@!@!@ENDMSG 2221 @!@!@
@!@!@STARTMSG 2221:0 @!@!@
  |line 136, col 21 to line 136, col 25 of module assignment1_PCD: 148
@!@!@ENDMSG 2221 @!@!@
@!@!@STARTMSG 2221:0 @!@!@
  line 137, col 24 to line 137, col 40 of module assignment1_PCD: 22
@!@!@ENDMSG 2221 @!@!@
@!@!@STARTMSG 2221:0 @!@!@
  line 138, col 29 to line 138, col 75 of module assignment1_PCD: 13
@!@!@ENDMSG 2221 @!@!@
@!@!@STARTMSG 2221:0 @!@!@
  line 139, col 29 to line 139, col 62 of module assignment1_PCD: 9
@!@!@ENDMSG 2221 @!@!@
@!@!@STARTMSG 2221:0 @!@!@
  line 140, col 21 to line 141, col 71 of module assignment1_PCD: 22
@!@!@ENDMSG 2221 @!@!@
@!@!@STARTMSG 2772:0 @!@!@
<startLatchBarrier line 143, col 1 to line 143, col 17 of module assignment1_PCD>: 3:13
@!@!@ENDMSG 2772 @!@!@
@!@!@STARTMSG 2221:0 @!@!@
  line 143, col 25 to line 143, col 51 of module assignment1_PCD: 161
@!@!@ENDMSG 2221 @!@!@
@!@!@STARTMSG 2221:0 @!@!@
  |line 143, col 25 to line 143, col 29 of module assignment1_PCD: 148
@!@!@ENDMSG 2221 @!@!@
@!@!@STARTMSG 2221:0 @!@!@
  line 144, col 25 to line 144, col 50 of module assignment1_PCD: 13
@!@!@ENDMSG 2221 @!@!@
@!@!@STARTMSG 2221:0 @!@!@
  line 145, col 25 to line 145, col 36 of module assignment1_PCD: 13
@!@!@ENDMSG 2221 @!@!@
@!@!@STARTMSG 2221:0 @!@!@
  line 146, col 25 to line 146, col 63 of module assignment1_PCD: 13
@!@!@ENDMSG 2221 @!@!@
@!@!@STARTMSG 2221:0 @!@!@
  line 147, col 25 to line 148, col 59 of module assignment1_PCD: 13
@!@!@ENDMSG 2221 @!@!@
@!@!@STARTMSG 2772:0 @!@!@
<startWorkers line 150, col 1 to line 150, col 12 of module assignment1_PCD>: 4:13
@!@!@ENDMSG 2772 @!@!@
@!@!@STARTMSG 2221:0 @!@!@
  line 150, col 20 to line 150, col 41 of module assignment1_PCD: 161
@!@!@ENDMSG 2221 @!@!@
@!@!@STARTMSG 2221:0 @!@!@
  |line 150, col 20 to line 150, col 24 of module assignment1_PCD: 148
@!@!@ENDMSG 2221 @!@!@
@!@!@STARTMSG 2221:0 @!@!@
  line 151, col 20 to line 151, col 32 of module assignment1_PCD: 13
@!@!@ENDMSG 2221 @!@!@
@!@!@STARTMSG 2221:0 @!@!@
  line 152, col 20 to line 152, col 60 of module assignment1_PCD: 13
@!@!@ENDMSG 2221 @!@!@
@!@!@STARTMSG 2221:0 @!@!@
  line 153, col 20 to line 154, col 60 of module assignment1_PCD: 13
@!@!@ENDMSG 2221 @!@!@
@!@!@STARTMSG 2772:0 @!@!@
<waitLatchReady line 156, col 1 to line 156, col 14 of module assignment1_PCD>: 2:2
@!@!@ENDMSG 2772 @!@!@
@!@!@STARTMSG 2221:0 @!@!@
  line 156, col 22 to line 156, col 45 of module assignment1_PCD: 150
@!@!@ENDMSG 2221 @!@!@
@!@!@STARTMSG 2221:0 @!@!@
  |line 156, col 22 to line 156, col 26 of module assignment1_PCD: 148
@!@!@ENDMSG 2221 @!@!@
@!@!@STARTMSG 2221:0 @!@!@
  line 157, col 22 to line 157, col 30 of module assignment1_PCD: 91
@!@!@ENDMSG 2221 @!@!@
@!@!@STARTMSG 2221:0 @!@!@
  |line 157, col 22 to line 157, col 26 of module assignment1_PCD: 89
@!@!@ENDMSG 2221 @!@!@
@!@!@STARTMSG 2221:0 @!@!@
  line 158, col 22 to line 158, col 76 of module assignment1_PCD: 2
@!@!@ENDMSG 2221 @!@!@
@!@!@STARTMSG 2775:0 @!@!@
  |line 158, col 35 to line 158, col 76 of module assignment1_PCD: 2:4
@!@!@ENDMSG 2775 @!@!@
@!@!@STARTMSG 2221:0 @!@!@
  ||line 158, col 49 to line 158, col 68 of module assignment1_PCD: 2
@!@!@ENDMSG 2221 @!@!@
@!@!@STARTMSG 2221:0 @!@!@
  line 159, col 22 to line 159, col 77 of module assignment1_PCD: 2
@!@!@ENDMSG 2221 @!@!@
@!@!@STARTMSG 2775:0 @!@!@
  |line 159, col 36 to line 159, col 77 of module assignment1_PCD: 2:4
@!@!@ENDMSG 2775 @!@!@
@!@!@STARTMSG 2221:0 @!@!@
  ||line 159, col 50 to line 159, col 69 of module assignment1_PCD: 2
@!@!@ENDMSG 2221 @!@!@
@!@!@STARTMSG 2221:0 @!@!@
  line 160, col 22 to line 160, col 34 of module assignment1_PCD: 2
@!@!@ENDMSG 2221 @!@!@
@!@!@STARTMSG 2221:0 @!@!@
  line 161, col 22 to line 161, col 63 of module assignment1_PCD: 2
@!@!@ENDMSG 2221 @!@!@
@!@!@STARTMSG 2221:0 @!@!@
  line 162, col 22 to line 162, col 79 of module assignment1_PCD: 2
@!@!@ENDMSG 2221 @!@!@
@!@!@STARTMSG 2772:0 @!@!@
<updateIteration line 164, col 1 to line 164, col 15 of module assignment1_PCD>: 2:2
@!@!@ENDMSG 2772 @!@!@
@!@!@STARTMSG 2221:0 @!@!@
  line 164, col 23 to line 164, col 47 of module assignment1_PCD: 150
@!@!@ENDMSG 2221 @!@!@
@!@!@STARTMSG 2221:0 @!@!@
  |line 164, col 23 to line 164, col 27 of module assignment1_PCD: 148
@!@!@ENDMSG 2221 @!@!@
@!@!@STARTMSG 2221:0 @!@!@
  line 165, col 23 to line 165, col 48 of module assignment1_PCD: 2
@!@!@ENDMSG 2221 @!@!@
@!@!@STARTMSG 2221:0 @!@!@
  line 166, col 23 to line 166, col 62 of module assignment1_PCD: 2
@!@!@ENDMSG 2221 @!@!@
@!@!@STARTMSG 2221:0 @!@!@
  line 167, col 23 to line 168, col 62 of module assignment1_PCD: 2
@!@!@ENDMSG 2221 @!@!@
@!@!@STARTMSG 2772:0 @!@!@
<evaluateWhileWorker line 173, col 1 to line 173, col 25 of module assignment1_PCD>: 40:60
@!@!@ENDMSG 2772 @!@!@
@!@!@STARTMSG 2221:0 @!@!@
  line 173, col 33 to line 173, col 64 of module assignment1_PCD: 356
@!@!@ENDMSG 2221 @!@!@
@!@!@STARTMSG 2221:0 @!@!@
  |line 173, col 33 to line 173, col 40 of module assignment1_PCD: 296
@!@!@ENDMSG 2221 @!@!@
@!@!@STARTMSG 2221:0 @!@!@
  line 174, col 36 to line 174, col 64 of module assignment1_PCD: 60
@!@!@ENDMSG 2221 @!@!@
@!@!@STARTMSG 2221:0 @!@!@
  line 175, col 41 to line 175, col 92 of module assignment1_PCD: 48
@!@!@ENDMSG 2221 @!@!@
@!@!@STARTMSG 2221:0 @!@!@
  line 176, col 41 to line 176, col 77 of module assignment1_PCD: 12
@!@!@ENDMSG 2221 @!@!@
@!@!@STARTMSG 2221:0 @!@!@
  line 177, col 33 to line 179, col 62 of module assignment1_PCD: 60
@!@!@ENDMSG 2221 @!@!@
@!@!@STARTMSG 2772:0 @!@!@
<waitCreationWorkers line 181, col 1 to line 181, col 25 of module assignment1_PCD>: 13:18
@!@!@ENDMSG 2772 @!@!@
@!@!@STARTMSG 2221:0 @!@!@
  line 181, col 33 to line 181, col 64 of module assignment1_PCD: 314
@!@!@ENDMSG 2221 @!@!@
@!@!@STARTMSG 2221:0 @!@!@
  |line 181, col 33 to line 181, col 40 of module assignment1_PCD: 296
@!@!@ENDMSG 2221 @!@!@
@!@!@STARTMSG 2221:0 @!@!@
  line 182, col 33 to line 182, col 44 of module assignment1_PCD: 66
@!@!@ENDMSG 2221 @!@!@
@!@!@STARTMSG 2221:0 @!@!@
  |line 182, col 33 to line 182, col 40 of module assignment1_PCD: 48
@!@!@ENDMSG 2221 @!@!@
@!@!@STARTMSG 2221:0 @!@!@
  line 183, col 33 to line 183, col 77 of module assignment1_PCD: 18
@!@!@ENDMSG 2221 @!@!@
@!@!@STARTMSG 2221:0 @!@!@
  line 184, col 33 to line 186, col 62 of module assignment1_PCD: 18
@!@!@ENDMSG 2221 @!@!@
@!@!@STARTMSG 2772:0 @!@!@
<computeVelocity line 188, col 1 to line 188, col 21 of module assignment1_PCD>: 8:18
@!@!@ENDMSG 2772 @!@!@
@!@!@STARTMSG 2221:0 @!@!@
  line 188, col 29 to line 188, col 56 of module assignment1_PCD: 314
@!@!@ENDMSG 2221 @!@!@
@!@!@STARTMSG 2221:0 @!@!@
  |line 188, col 29 to line 188, col 36 of module assignment1_PCD: 296
@!@!@ENDMSG 2221 @!@!@
@!@!@STARTMSG 2221:0 @!@!@
  line 189, col 29 to line 189, col 73 of module assignment1_PCD: 18
@!@!@ENDMSG 2221 @!@!@
@!@!@STARTMSG 2221:0 @!@!@
  line 190, col 29 to line 190, col 50 of module assignment1_PCD: 18
@!@!@ENDMSG 2221 @!@!@
@!@!@STARTMSG 2221:0 @!@!@
  line 191, col 29 to line 191, col 69 of module assignment1_PCD: 18
@!@!@ENDMSG 2221 @!@!@
@!@!@STARTMSG 2221:0 @!@!@
  line 192, col 29 to line 193, col 59 of module assignment1_PCD: 18
@!@!@ENDMSG 2221 @!@!@
@!@!@STARTMSG 2772:0 @!@!@
<waitBarrier line 195, col 1 to line 195, col 17 of module assignment1_PCD>: 8:20
@!@!@ENDMSG 2772 @!@!@
@!@!@STARTMSG 2221:0 @!@!@
  line 195, col 25 to line 195, col 48 of module assignment1_PCD: 316
@!@!@ENDMSG 2221 @!@!@
@!@!@STARTMSG 2221:0 @!@!@
  |line 195, col 25 to line 195, col 32 of module assignment1_PCD: 296
@!@!@ENDMSG 2221 @!@!@
@!@!@STARTMSG 2221:0 @!@!@
  line 196, col 25 to line 196, col 51 of module assignment1_PCD: 54
@!@!@ENDMSG 2221 @!@!@
@!@!@STARTMSG 2221:0 @!@!@
  |line 196, col 25 to line 196, col 31 of module assignment1_PCD: 34
@!@!@ENDMSG 2221 @!@!@
@!@!@STARTMSG 2221:0 @!@!@
  |line 196, col 35 to line 196, col 51 of module assignment1_PCD: 34
@!@!@ENDMSG 2221 @!@!@
@!@!@STARTMSG 2221:0 @!@!@
  line 197, col 25 to line 197, col 78 of module assignment1_PCD: 20
@!@!@ENDMSG 2221 @!@!@
@!@!@STARTMSG 2221:0 @!@!@
  line 198, col 25 to line 199, col 75 of module assignment1_PCD: 20
@!@!@ENDMSG 2221 @!@!@
@!@!@STARTMSG 2772:0 @!@!@
<computePositionCollision line 201, col 1 to line 201, col 30 of module assignment1_PCD>: 14:20
@!@!@ENDMSG 2772 @!@!@
@!@!@STARTMSG 2221:0 @!@!@
  line 201, col 38 to line 201, col 74 of module assignment1_PCD: 316
@!@!@ENDMSG 2221 @!@!@
@!@!@STARTMSG 2221:0 @!@!@
  |line 201, col 38 to line 201, col 45 of module assignment1_PCD: 296
@!@!@ENDMSG 2221 @!@!@
@!@!@STARTMSG 2221:0 @!@!@
  line 202, col 38 to line 202, col 80 of module assignment1_PCD: 20
@!@!@ENDMSG 2221 @!@!@
@!@!@STARTMSG 2221:0 @!@!@
  line 203, col 38 to line 203, col 84 of module assignment1_PCD: 20
@!@!@ENDMSG 2221 @!@!@
@!@!@STARTMSG 2221:0 @!@!@
  line 204, col 38 to line 206, col 67 of module assignment1_PCD: 20
@!@!@ENDMSG 2221 @!@!@
@!@!@STARTMSG 2772:0 @!@!@
<updateMyIteration line 208, col 1 to line 208, col 23 of module assignment1_PCD>: 14:20
@!@!@ENDMSG 2772 @!@!@
@!@!@STARTMSG 2221:0 @!@!@
  line 208, col 31 to line 208, col 60 of module assignment1_PCD: 316
@!@!@ENDMSG 2221 @!@!@
@!@!@STARTMSG 2221:0 @!@!@
  |line 208, col 31 to line 208, col 38 of module assignment1_PCD: 296
@!@!@ENDMSG 2221 @!@!@
@!@!@STARTMSG 2221:0 @!@!@
  line 209, col 31 to line 209, col 109 of module assignment1_PCD: 20
@!@!@ENDMSG 2221 @!@!@
@!@!@STARTMSG 2221:0 @!@!@
  line 210, col 31 to line 210, col 71 of module assignment1_PCD: 20
@!@!@ENDMSG 2221 @!@!@
@!@!@STARTMSG 2221:0 @!@!@
  line 211, col 31 to line 212, col 70 of module assignment1_PCD: 20
@!@!@ENDMSG 2221 @!@!@
@!@!@STARTMSG 2772:0 @!@!@
<signalLatch line 214, col 1 to line 214, col 17 of module assignment1_PCD>: 12:20
@!@!@ENDMSG 2772 @!@!@
@!@!@STARTMSG 2221:0 @!@!@
  line 214, col 25 to line 214, col 48 of module assignment1_PCD: 316
@!@!@ENDMSG 2221 @!@!@
@!@!@STARTMSG 2221:0 @!@!@
  |line 214, col 25 to line 214, col 32 of module assignment1_PCD: 296
@!@!@ENDMSG 2221 @!@!@
@!@!@STARTMSG 2221:0 @!@!@
  line 215, col 25 to line 215, col 42 of module assignment1_PCD: 20
@!@!@ENDMSG 2221 @!@!@
@!@!@STARTMSG 2221:0 @!@!@
  line 216, col 25 to line 216, col 71 of module assignment1_PCD: 20
@!@!@ENDMSG 2221 @!@!@
@!@!@STARTMSG 2221:0 @!@!@
  line 217, col 25 to line 218, col 68 of module assignment1_PCD: 20
@!@!@ENDMSG 2221 @!@!@
@!@!@STARTMSG 2772:0 @!@!@
<awaitWorkFinished line 220, col 1 to line 220, col 23 of module assignment1_PCD>: 19:40
@!@!@ENDMSG 2772 @!@!@
@!@!@STARTMSG 2221:0 @!@!@
  line 220, col 31 to line 220, col 60 of module assignment1_PCD: 336
@!@!@ENDMSG 2221 @!@!@
@!@!@STARTMSG 2221:0 @!@!@
  |line 220, col 31 to line 220, col 38 of module assignment1_PCD: 296
@!@!@ENDMSG 2221 @!@!@
@!@!@STARTMSG 2221:0 @!@!@
  line 221, col 31 to line 221, col 63 of module assignment1_PCD: 104
@!@!@ENDMSG 2221 @!@!@
@!@!@STARTMSG 2221:0 @!@!@
  |line 221, col 31 to line 221, col 51 of module assignment1_PCD: 64
@!@!@ENDMSG 2221 @!@!@
@!@!@STARTMSG 2221:0 @!@!@
  |line 221, col 55 to line 221, col 63 of module assignment1_PCD: 64
@!@!@ENDMSG 2221 @!@!@
@!@!@STARTMSG 2221:0 @!@!@
  line 222, col 31 to line 222, col 79 of module assignment1_PCD: 40
@!@!@ENDMSG 2221 @!@!@
@!@!@STARTMSG 2221:0 @!@!@
  line 223, col 31 to line 225, col 60 of module assignment1_PCD: 40
@!@!@ENDMSG 2221 @!@!@
@!@!@STARTMSG 2772:0 @!@!@
<Terminating line 234, col 1 to line 234, col 11 of module assignment1_PCD>: 0:1
@!@!@ENDMSG 2772 @!@!@
@!@!@STARTMSG 2221:0 @!@!@
  line 234, col 40 to line 234, col 56 of module assignment1_PCD: 163
@!@!@ENDMSG 2221 @!@!@
@!@!@STARTMSG 2221:0 @!@!@
  |line 234, col 40 to line 234, col 47 of module assignment1_PCD: 160
@!@!@ENDMSG 2221 @!@!@
@!@!@STARTMSG 2221:0 @!@!@
  line 234, col 31 to line 234, col 37 of module assignment1_PCD: 148
@!@!@ENDMSG 2221 @!@!@
@!@!@STARTMSG 2221:0 @!@!@
  line 235, col 19 to line 235, col 32 of module assignment1_PCD: 1
@!@!@ENDMSG 2221 @!@!@
@!@!@STARTMSG 2774:0 @!@!@
<WorkerIterationGEIterationInvariant line 112, col 1 to line 112, col 35 of module assignment1_PCD>
@!@!@ENDMSG 2774 @!@!@
@!@!@STARTMSG 2221:0 @!@!@
  line 112, col 41 to line 112, col 102 of module assignment1_PCD: 148
@!@!@ENDMSG 2221 @!@!@
@!@!@STARTMSG 2221:0 @!@!@
  |line 112, col 72 to line 112, col 102 of module assignment1_PCD: 296
@!@!@ENDMSG 2221 @!@!@
@!@!@STARTMSG 2221:0 @!@!@
  |line 112, col 50 to line 112, col 69 of module assignment1_PCD: 148
@!@!@ENDMSG 2221 @!@!@
@!@!@STARTMSG 2202:0 @!@!@
End of statistics.
@!@!@ENDMSG 2202 @!@!@
@!@!@STARTMSG 2200:0 @!@!@
Progress(46) at 2022-04-09 18:42:37: 270 states generated (8.091 s/min), 148 distinct states found (4.435 ds/min), 0 states left on queue.
@!@!@ENDMSG 2200 @!@!@
@!@!@STARTMSG 2199:0 @!@!@
270 states generated, 148 distinct states found, 0 states left on queue.
@!@!@ENDMSG 2199 @!@!@
@!@!@STARTMSG 2194:0 @!@!@
The depth of the complete state graph search is 46.
@!@!@ENDMSG 2194 @!@!@
@!@!@STARTMSG 2268:0 @!@!@
The average outdegree of the complete state graph is 1 (minimum is 0, the maximum 3 and the 95th percentile is 3).
@!@!@ENDMSG 2268 @!@!@
@!@!@STARTMSG 2186:0 @!@!@
Finished in 2034ms at (2022-04-09 18:42:37)
@!@!@ENDMSG 2186 @!@!@
