@!@!@STARTMSG 2262:0 @!@!@
TLC2 Version 2.18 of Day Month 20?? (rev: d8084a3)
@!@!@ENDMSG 2262 @!@!@
@!@!@STARTMSG 2187:0 @!@!@
Running breadth-first search Model-Checking with fp 70 and seed -4307605236388980673 with 4 workers on 8 cores with 1214MB heap and 2730MB offheap memory [pid: 12001] (Mac OS X 10.16 x86_64, AdoptOpenJDK 14.0.1 x86_64, OffHeapDiskFPSet, DiskStateQueue).
@!@!@ENDMSG 2187 @!@!@
@!@!@STARTMSG 2220:0 @!@!@
Starting SANY...
@!@!@ENDMSG 2220 @!@!@
Parsing file /Users/francescofoschini/Desktop/assignment1-pcd/TLA+/assignment1_PCD.toolbox/Model_1/MC.tla
Parsing file /Users/francescofoschini/Desktop/assignment1-pcd/TLA+/assignment1_PCD.toolbox/Model_1/assignment1_PCD.tla
Parsing file /Users/francescofoschini/Desktop/TLA+ Toolbox.app/Contents/Eclipse/plugins/org.lamport.tlatools_1.0.0.202203240428/tla2sany/StandardModules/TLC.tla
Parsing file /Users/francescofoschini/Desktop/TLA+ Toolbox.app/Contents/Eclipse/plugins/org.lamport.tlatools_1.0.0.202203240428/tla2sany/StandardModules/Integers.tla
Parsing file /Users/francescofoschini/Desktop/TLA+ Toolbox.app/Contents/Eclipse/plugins/org.lamport.tlatools_1.0.0.202203240428/tla2sany/StandardModules/Sequences.tla
Parsing file /Users/francescofoschini/Desktop/TLA+ Toolbox.app/Contents/Eclipse/plugins/org.lamport.tlatools_1.0.0.202203240428/tla2sany/StandardModules/Naturals.tla
Parsing file /Users/francescofoschini/Desktop/TLA+ Toolbox.app/Contents/Eclipse/plugins/org.lamport.tlatools_1.0.0.202203240428/tla2sany/StandardModules/FiniteSets.tla
Semantic processing of module Naturals
Semantic processing of module Sequences
Semantic processing of module FiniteSets
Semantic processing of module TLC
Semantic processing of module Integers
Semantic processing of module assignment1_PCD
Semantic processing of module MC
@!@!@STARTMSG 2219:0 @!@!@
SANY finished.
@!@!@ENDMSG 2219 @!@!@
@!@!@STARTMSG 2185:0 @!@!@
Starting... (2022-04-09 18:40:52)
@!@!@ENDMSG 2185 @!@!@
@!@!@STARTMSG 2146:1 @!@!@
The invariant PositionAfterVelocityComputation is not a state predicate (one with no primes or temporal operators).
@!@!@ENDMSG 2146 @!@!@
@!@!@STARTMSG 2186:0 @!@!@
Finished in 987ms at (2022-04-09 18:40:52)
@!@!@ENDMSG 2186 @!@!@
